  appWindow.cpp
E:\GitHub\GDENG03_DX\GDENG03_DX\matrix4x4.h(45,20): warning C4244: '=': conversion from 'double' to 'float', possible loss of data
E:\GitHub\GDENG03_DX\GDENG03_DX\matrix4x4.h(46,20): warning C4244: '=': conversion from 'double' to 'float', possible loss of data
E:\GitHub\GDENG03_DX\GDENG03_DX\matrix4x4.h(47,17): warning C4244: '=': conversion from 'double' to 'float', possible loss of data
E:\GitHub\GDENG03_DX\GDENG03_DX\matrix4x4.h(48,20): warning C4244: '=': conversion from 'double' to 'float', possible loss of data
E:\GitHub\GDENG03_DX\GDENG03_DX\matrix4x4.h(53,20): warning C4244: '=': conversion from 'double' to 'float', possible loss of data
E:\GitHub\GDENG03_DX\GDENG03_DX\matrix4x4.h(54,17): warning C4244: '=': conversion from 'double' to 'float', possible loss of data
E:\GitHub\GDENG03_DX\GDENG03_DX\matrix4x4.h(55,20): warning C4244: '=': conversion from 'double' to 'float', possible loss of data
E:\GitHub\GDENG03_DX\GDENG03_DX\matrix4x4.h(56,20): warning C4244: '=': conversion from 'double' to 'float', possible loss of data
E:\GitHub\GDENG03_DX\GDENG03_DX\matrix4x4.h(61,20): warning C4244: '=': conversion from 'double' to 'float', possible loss of data
E:\GitHub\GDENG03_DX\GDENG03_DX\matrix4x4.h(62,20): warning C4244: '=': conversion from 'double' to 'float', possible loss of data
E:\GitHub\GDENG03_DX\GDENG03_DX\matrix4x4.h(63,17): warning C4244: '=': conversion from 'double' to 'float', possible loss of data
E:\GitHub\GDENG03_DX\GDENG03_DX\matrix4x4.h(64,20): warning C4244: '=': conversion from 'double' to 'float', possible loss of data
E:\GitHub\GDENG03_DX\GDENG03_DX\matrix4x4.h(69,9): warning C4244: 'initializing': conversion from 'const float' to 'int', possible loss of data
E:\GitHub\GDENG03_DX\GDENG03_DX\matrix4x4.h(70,9): warning C4244: 'initializing': conversion from 'const float' to 'int', possible loss of data
E:\GitHub\GDENG03_DX\GDENG03_DX\matrix4x4.h(71,9): warning C4244: 'initializing': conversion from 'const float' to 'int', possible loss of data
E:\GitHub\GDENG03_DX\GDENG03_DX\matrix4x4.h(73,24): warning C4244: '=': conversion from 'double' to 'float', possible loss of data
E:\GitHub\GDENG03_DX\GDENG03_DX\matrix4x4.h(74,24): warning C4244: '=': conversion from 'double' to 'float', possible loss of data
E:\GitHub\GDENG03_DX\GDENG03_DX\matrix4x4.h(75,24): warning C4244: '=': conversion from 'double' to 'float', possible loss of data
E:\GitHub\GDENG03_DX\GDENG03_DX\matrix4x4.h(76,42): warning C4244: '=': conversion from 'double' to 'float', possible loss of data
E:\GitHub\GDENG03_DX\GDENG03_DX\matrix4x4.h(77,42): warning C4244: '=': conversion from 'double' to 'float', possible loss of data
E:\GitHub\GDENG03_DX\GDENG03_DX\matrix4x4.h(78,24): warning C4244: '=': conversion from 'double' to 'float', possible loss of data
E:\GitHub\GDENG03_DX\GDENG03_DX\matrix4x4.h(79,42): warning C4244: '=': conversion from 'double' to 'float', possible loss of data
E:\GitHub\GDENG03_DX\GDENG03_DX\matrix4x4.h(80,42): warning C4244: '=': conversion from 'double' to 'float', possible loss of data
E:\GitHub\GDENG03_DX\GDENG03_DX\matrix4x4.h(81,24): warning C4244: '=': conversion from 'double' to 'float', possible loss of data
E:\GitHub\GDENG03_DX\GDENG03_DX\matrix4x4.h(126,44): warning C4244: '=': conversion from 'double' to 'float', possible loss of data
E:\GitHub\GDENG03_DX\GDENG03_DX\matrix4x4.h(127,44): warning C4244: '=': conversion from 'double' to 'float', possible loss of data
E:\GitHub\GDENG03_DX\GDENG03_DX\matrix4x4.h(128,44): warning C4244: '=': conversion from 'double' to 'float', possible loss of data
E:\GitHub\GDENG03_DX\GDENG03_DX\matrix4x4.h(129,44): warning C4244: '=': conversion from 'double' to 'float', possible loss of data
E:\GitHub\GDENG03_DX\GDENG03_DX\matrix4x4.h(172,16): warning C4244: 'initializing': conversion from 'double' to 'float', possible loss of data
E:\GitHub\GDENG03_DX\GDENG03_DX\appWindow.cpp(224,73): warning C4244: 'argument': conversion from 'LONG' to 'float', possible loss of data
E:\GitHub\GDENG03_DX\GDENG03_DX\appWindow.cpp(224,61): warning C4244: 'argument': conversion from 'LONG' to 'float', possible loss of data
E:\GitHub\GDENG03_DX\GDENG03_DX\appWindow.cpp(224,48): warning C4244: 'argument': conversion from 'LONG' to 'float', possible loss of data
E:\GitHub\GDENG03_DX\GDENG03_DX\appWindow.cpp(224,38): warning C4244: 'argument': conversion from 'LONG' to 'float', possible loss of data
E:\GitHub\GDENG03_DX\GDENG03_DX\appWindow.cpp(229,73): warning C4244: 'argument': conversion from 'LONG' to 'float', possible loss of data
E:\GitHub\GDENG03_DX\GDENG03_DX\appWindow.cpp(229,61): warning C4244: 'argument': conversion from 'LONG' to 'float', possible loss of data
E:\GitHub\GDENG03_DX\GDENG03_DX\appWindow.cpp(229,48): warning C4244: 'argument': conversion from 'LONG' to 'float', possible loss of data
E:\GitHub\GDENG03_DX\GDENG03_DX\appWindow.cpp(229,38): warning C4244: 'argument': conversion from 'LONG' to 'float', possible loss of data
E:\GitHub\GDENG03_DX\GDENG03_DX\appWindow.cpp(234,73): warning C4244: 'argument': conversion from 'LONG' to 'float', possible loss of data
E:\GitHub\GDENG03_DX\GDENG03_DX\appWindow.cpp(234,61): warning C4244: 'argument': conversion from 'LONG' to 'float', possible loss of data
E:\GitHub\GDENG03_DX\GDENG03_DX\appWindow.cpp(234,48): warning C4244: 'argument': conversion from 'LONG' to 'float', possible loss of data
E:\GitHub\GDENG03_DX\GDENG03_DX\appWindow.cpp(234,38): warning C4244: 'argument': conversion from 'LONG' to 'float', possible loss of data
E:\GitHub\GDENG03_DX\GDENG03_DX\appWindow.cpp(331,89): warning C4244: '+=': conversion from 'double' to 'float', possible loss of data
E:\GitHub\GDENG03_DX\GDENG03_DX\appWindow.cpp(332,88): warning C4244: '+=': conversion from 'double' to 'float', possible loss of data
  GDENG03_DX.vcxproj -> E:\GitHub\GDENG03_DX\x64\Debug\GDENG03_DX.exe
